E:\CPP\CPP大作业\TANK-GAME-6\TANK-GAME\TANK_GAME\CANVAS\DEBUG\CANVAS.PCH
E:\CPP\CPP大作业\TANK-GAME-6\TANK-GAME\TANK_GAME\CANVAS\DEBUG\STDAFX.OBJ
E:\CPP\CPP大作业\TANK-GAME-6\TANK-GAME\TANK_GAME\CANVAS\DEBUG\VC110.PDB
E:\CPP\CPP大作业\TANK-GAME-6\TANK-GAME\TANK_GAME\CANVAS\DEBUG\CANVAS.OBJ
E:\CPP\CPP大作业\TANK-GAME-6\TANK-GAME\TANK_GAME\DEBUG\CANVAS.ILK
E:\CPP\CPP大作业\TANK-GAME-6\TANK-GAME\TANK_GAME\DEBUG\CANVAS.EXE
E:\CPP\CPP大作业\TANK-GAME-6\TANK-GAME\TANK_GAME\DEBUG\CANVAS.PDB
E:\CPP\CPP大作业\TANK-GAME-6\TANK-GAME\TANK_GAME\CANVAS\DEBUG\CANVAS.RES
E:\CPP\CPP大作业\tank-game-6\tank-game\tank_game\canvas\Debug\canvas.obj
E:\CPP\CPP大作业\tank-game-6\tank-game\tank_game\canvas\Debug\stdafx.obj
E:\CPP\CPP大作业\tank-game-6\tank-game\tank_game\canvas\Debug\cl.command.1.tlog
E:\CPP\CPP大作业\tank-game-6\tank-game\tank_game\canvas\Debug\CL.read.1.tlog
E:\CPP\CPP大作业\tank-game-6\tank-game\tank_game\canvas\Debug\CL.write.1.tlog
E:\CPP\CPP大作业\tank-game-6\tank-game\tank_game\canvas\Debug\link-cvtres.read.1.tlog
E:\CPP\CPP大作业\tank-game-6\tank-game\tank_game\canvas\Debug\link-cvtres.write.1.tlog
E:\CPP\CPP大作业\tank-game-6\tank-game\tank_game\canvas\Debug\link-rc.read.1.tlog
E:\CPP\CPP大作业\tank-game-6\tank-game\tank_game\canvas\Debug\link-rc.write.1.tlog
E:\CPP\CPP大作业\tank-game-6\tank-game\tank_game\canvas\Debug\link.command.1.tlog
E:\CPP\CPP大作业\tank-game-6\tank-game\tank_game\canvas\Debug\link.read.1.tlog
E:\CPP\CPP大作业\tank-game-6\tank-game\tank_game\canvas\Debug\link.write.1.tlog
E:\CPP\CPP大作业\tank-game-6\tank-game\tank_game\canvas\Debug\rc.command.1.tlog
E:\CPP\CPP大作业\tank-game-6\tank-game\tank_game\canvas\Debug\rc.read.1.tlog
E:\CPP\CPP大作业\tank-game-6\tank-game\tank_game\canvas\Debug\rc.write.1.tlog
E:\CPP\CPP大作业\tank-game-6\tank-game\tank_game\canvas\Debug\canvas.res
E:\CPP\CPP大作业\tank-game-6\tank-game\tank_game\canvas\Debug\canvas.pch
E:\CPP\CPP大作业\tank-game-6\tank-game\tank_game\canvas\Debug\vc110.idb
E:\CPP\CPP大作业\tank-game-6\tank-game\tank_game\canvas\Debug\vc110.pdb
E:\CPP\CPP大作业\tank-game-6\tank-game\tank_game\Debug\canvas.pdb
E:\CPP\CPP大作业\tank-game-6\tank-game\tank_game\Debug\canvas.exe
E:\CPP\CPP大作业\tank-game-6\tank-game\tank_game\Debug\canvas.ilk
